{
  "RSpec": {
    "coverage": {
      "/Users/brittanymartin/projects/trusty-cms/spec/support/custom_actions.rb": [
        null,
        null,
        null,
        1,
        21,
        21,
        21,
        21,
        null,
        null
      ],
      "/Users/brittanymartin/projects/trusty-cms/spec/factories/layout.rb": [
        1,
        null,
        1,
        1,
        1,
        null,
        null,
        null,
        null,
        null,
        null,
        null,
        null,
        null,
        null,
        null,
        null
      ],
      "/Users/brittanymartin/projects/trusty-cms/spec/factories/page.rb": [
        1,
        1,
        1,
        1,
        1,
        null,
        1,
        1,
        null,
        null,
        1,
        1,
        null,
        null,
        1,
        1,
        null,
        null,
        1,
        1,
        null,
        null,
        1,
        null,
        null,
        1,
        null,
        null,
        null,
        1,
        1,
        null,
        1,
        1,
        1,
        null,
        null,
        1,
        1,
        null,
        null,
        1,
        1,
        1,
        null,
        null,
        null,
        1,
        1,
        1,
        1,
        1,
        null,
        null,
        null,
        null,
        1,
        0,
        null,
        1,
        0,
        null,
        null
      ],
      "/Users/brittanymartin/projects/trusty-cms/app/models/status.rb": [
        1,
        1,
        null,
        1,
        5,
        5,
        null,
        null,
        1,
        85,
        null,
        null,
        1,
        112,
        null,
        null,
        1,
        34,
        null,
        null,
        1,
        11,
        null,
        null,
        1,
        11,
        null,
        null,
        1,
        6,
        null,
        null,
        1,
        null,
        null,
        null,
        null,
        null,
        null,
        null,
        null
      ],
      "/Users/brittanymartin/projects/trusty-cms/spec/factories/page_part.rb": [
        1,
        null,
        1,
        1,
        1,
        null,
        null,
        null
      ],
      "/Users/brittanymartin/projects/trusty-cms/spec/factories/user.rb": [
        1,
        1,
        1,
        1,
        1,
        1,
        1,
        null,
        1,
        1,
        1,
        1,
        1,
        null,
        null,
        1,
        1,
        1,
        1,
        null,
        null,
        1,
        1,
        1,
        1,
        1,
        null,
        null,
        1,
        1,
        1,
        1,
        null,
        null,
        null
      ],
      "/Users/brittanymartin/projects/trusty-cms/spec/controllers/application_controller_spec.rb": [
        1,
        null,
        1,
        13,
        null,
        1,
        1,
        1,
        1,
        1,
        1,
        null,
        null,
        1,
        1,
        1,
        1,
        null,
        1,
        2,
        2,
        2,
        null,
        null,
        1,
        2,
        2,
        2,
        null,
        null,
        1,
        2,
        2,
        2,
        null,
        null,
        1,
        1,
        1,
        null,
        1,
        1,
        1,
        null,
        null,
        null,
        1,
        1,
        1,
        1,
        1,
        null,
        null,
        1,
        1,
        1,
        1,
        null,
        null,
        null
      ],
      "/Users/brittanymartin/projects/trusty-cms/app/controllers/application_controller.rb": [
        null,
        1,
        null,
        1,
        1,
        null,
        1,
        null,
        1,
        null,
        1,
        1,
        1,
        1,
        1,
        1,
        null,
        1,
        1,
        1,
        null,
        1,
        361,
        361,
        null,
        null,
        1,
        57,
        null,
        34,
        null,
        7,
        null,
        6,
        null,
        5,
        null,
        4,
        null,
        1,
        null,
        null,
        null,
        1,
        0,
        null,
        0,
        null,
        0,
        null,
        null,
        null,
        1,
        null,
        1,
        151,
        null,
        null,
        1,
        151,
        null,
        null,
        1,
        153,
        null,
        null,
        1,
        152,
        152,
        152,
        null,
        null,
        1,
        15,
        15,
        null,
        null,
        null,
        null,
        null,
        null,
        null,
        null,
        null,
        null,
        1,
        0,
        0,
        0,
        null,
        0,
        null,
        0,
        null,
        0,
        null,
        0,
        0,
        null,
        0,
        null,
        null,
        null
      ],
      "/Users/brittanymartin/projects/trusty-cms/lib/login_system.rb": [
        1,
        1,
        1,
        1,
        1,
        1,
        1,
        null,
        null,
        null,
        1,
        null,
        1,
        967,
        null,
        null,
        1,
        22,
        19,
        19,
        null,
        3,
        3,
        null,
        22,
        null,
        null,
        1,
        null,
        81,
        58,
        58,
        null,
        23,
        23,
        46,
        23,
        null,
        23,
        null,
        null,
        null,
        1,
        null,
        81,
        81,
        81,
        null,
        0,
        0,
        0,
        0,
        0,
        null,
        0,
        null,
        null,
        null,
        1,
        81,
        null,
        null,
        1,
        614,
        null,
        null,
        1,
        276,
        0,
        0,
        0,
        null,
        null,
        null,
        1,
        276,
        0,
        0,
        null,
        null,
        null,
        null,
        1,
        0,
        null,
        null,
        1,
        1,
        2,
        2,
        null,
        null,
        null,
        1,
        0,
        null,
        null,
        1,
        0,
        0,
        null,
        null,
        null,
        1,
        4,
        4,
        4,
        23,
        4,
        19,
        null,
        null,
        null,
        1,
        286,
        null,
        null,
        1,
        256,
        null,
        null,
        78,
        218,
        null,
        0,
        null,
        178,
        256,
        null,
        null,
        null
      ],
      "/Users/brittanymartin/projects/trusty-cms/app/helpers/application_helper.rb": [
        1,
        1,
        null,
        1,
        150,
        null,
        null,
        1,
        75,
        null,
        null,
        1,
        75,
        null,
        null,
        1,
        75,
        null,
        null,
        1,
        75,
        null,
        null,
        1,
        2,
        null,
        null,
        1,
        8,
        8,
        8,
        null,
        null,
        8,
        8,
        8,
        null,
        null,
        1,
        7,
        null,
        null,
        1,
        140,
        null,
        0,
        null,
        28,
        null,
        null,
        null,
        1,
        417,
        145,
        null,
        null,
        1,
        412,
        null,
        0,
        null,
        412,
        null,
        null,
        412,
        null,
        null,
        1,
        412,
        412,
        null,
        null,
        1,
        0,
        0,
        null,
        0,
        null,
        null,
        null,
        1,
        5,
        null,
        null,
        1,
        0,
        null,
        null,
        1,
        7,
        2,
        2,
        2,
        2,
        2,
        2,
        2,
        2,
        2,
        null,
        null,
        null,
        null,
        1,
        null,
        2,
        null,
        null,
        1,
        0,
        null,
        0,
        null,
        0,
        null,
        0,
        null,
        null,
        1,
        4,
        null,
        null,
        1,
        7,
        null,
        null,
        1,
        89,
        null,
        null,
        1,
        0,
        null,
        null,
        1,
        125,
        null,
        null,
        1,
        0,
        null,
        null,
        1,
        108,
        null,
        null,
        1,
        49,
        null,
        null,
        1,
        173,
        null,
        null,
        1,
        1,
        null,
        null,
        1,
        75,
        75,
        0,
        null,
        75,
        null,
        null,
        1,
        75,
        75,
        0,
        null,
        75,
        null,
        null,
        null,
        null,
        1,
        null,
        6,
        null,
        null,
        6,
        null,
        null,
        null,
        6,
        6,
        6,
        null,
        6,
        null,
        0,
        0,
        0,
        0,
        0,
        null,
        0,
        0,
        0,
        0,
        null,
        null,
        6,
        null,
        null,
        null,
        null,
        null,
        null,
        1,
        8,
        8,
        null,
        null,
        null,
        8,
        8,
        8,
        8,
        0,
        null,
        0,
        null,
        8,
        null,
        null,
        null,
        1,
        null,
        1,
        89,
        75,
        null,
        14,
        null,
        null,
        null,
        null
      ],
      "/Users/brittanymartin/projects/trusty-cms/app/helpers/admin/regions_helper.rb": [
        1,
        1,
        287,
        287,
        287,
        140,
        140,
        null,
        287,
        230,
        230,
        null,
        230,
        null,
        0,
        null,
        null,
        287,
        287,
        null,
        null,
        1,
        287,
        50,
        50,
        50,
        null,
        null,
        null
      ],
      "/Users/brittanymartin/projects/trusty-cms/spec/controllers/users_controller_spec.rb": [
        1,
        null,
        1,
        1,
        null,
        null
      ],
      "/Users/brittanymartin/projects/trusty-cms/app/controllers/admin/users_controller.rb": [
        1,
        1,
        1,
        null,
        null,
        null,
        null,
        1,
        null,
        1,
        0,
        null,
        null,
        1,
        0,
        0,
        0,
        0,
        null,
        0,
        0,
        null,
        null,
        1,
        0,
        0,
        0,
        null,
        null,
        null,
        1,
        null,
        1,
        0,
        null,
        null,
        1,
        0,
        null,
        null
      ],
      "/Users/brittanymartin/projects/trusty-cms/app/controllers/admin/resource_controller.rb": [
        1,
        1,
        1,
        null,
        1,
        1,
        1,
        1,
        1,
        1,
        null,
        1,
        1,
        null,
        1,
        null,
        null,
        null,
        null,
        null,
        null,
        1,
        null,
        1,
        6,
        null,
        1,
        1,
        null,
        1,
        1,
        null,
        1,
        1,
        null,
        1,
        4,
        null,
        1,
        1,
        null,
        1,
        3,
        null,
        null,
        1,
        8,
        null,
        null,
        1,
        4,
        null,
        null,
        null,
        null,
        null,
        null,
        1,
        2,
        null,
        null,
        null,
        null,
        null,
        null,
        null,
        1,
        2,
        2,
        null,
        null,
        1,
        40,
        null,
        null,
        null,
        null,
        null,
        null,
        null,
        null,
        null,
        1,
        2,
        2,
        2,
        null,
        null,
        null,
        null,
        null,
        null,
        null,
        1,
        8,
        null,
        1,
        null,
        null,
        null,
        1,
        38,
        null,
        1,
        null,
        null,
        null,
        null,
        1,
        37,
        37,
        null,
        37,
        null,
        37,
        null,
        null,
        1,
        null,
        1,
        0,
        null,
        0,
        null,
        0,
        null,
        0,
        null,
        0,
        null,
        null,
        null,
        1,
        40,
        null,
        null,
        1,
        25,
        null,
        1,
        1,
        19,
        null,
        1,
        15,
        6,
        null,
        9,
        null,
        null,
        null,
        1,
        0,
        null,
        1,
        1,
        33,
        null,
        1,
        33,
        null,
        null,
        1,
        81,
        null,
        1,
        0,
        null,
        1,
        null,
        1,
        48,
        null,
        1,
        33,
        null,
        1,
        null,
        1,
        0,
        null,
        null,
        1,
        5,
        null,
        null,
        1,
        5,
        5,
        3,
        3,
        null,
        5,
        null,
        null,
        1,
        0,
        0,
        null,
        null,
        1,
        0,
        null,
        null,
        1,
        0,
        0,
        null,
        null,
        1,
        0,
        null,
        null,
        1,
        0,
        null,
        null,
        1,
        6,
        null,
        null,
        1,
        0,
        null,
        null,
        1,
        0,
        null,
        null,
        null,
        null,
        null,
        1,
        49,
        null,
        null,
        null,
        null,
        1,
        49,
        null,
        null,
        null,
        null
      ],
      "/Users/brittanymartin/projects/trusty-cms/lib/trusty_cms/resource_responses.rb": [
        1,
        1,
        1,
        1,
        1,
        1,
        null,
        null,
        1,
        2,
        2,
        2,
        null,
        null,
        1,
        1,
        47,
        47,
        47,
        33,
        33,
        null,
        0,
        null,
        null,
        47,
        86,
        null,
        47,
        10,
        null,
        37,
        null,
        null,
        null,
        null,
        1,
        null,
        129,
        null,
        null,
        10,
        0,
        null,
        null,
        10,
        null,
        null,
        null,
        null,
        1,
        1,
        1,
        10,
        null,
        null,
        1,
        0,
        0,
        0,
        null,
        null,
        null,
        null,
        1,
        1,
        1,
        9,
        9,
        9,
        null,
        null,
        1,
        0,
        0,
        0,
        0,
        0,
        null,
        null,
        1,
        64,
        7,
        null,
        64,
        null,
        null,
        1,
        8,
        8,
        8,
        null,
        0,
        null,
        null,
        null,
        1,
        47,
        86,
        null,
        null,
        null,
        1,
        47,
        33,
        null,
        null,
        null,
        1,
        1,
        1,
        1,
        0,
        0,
        null,
        0,
        null,
        null,
        null,
        null,
        null
      ],
      "/Users/brittanymartin/projects/trusty-cms/app/helpers/admin/resource_helper.rb": [
        1,
        null
      ],
      "/Users/brittanymartin/projects/trusty-cms/app/helpers/admin/users_helper.rb": [
        1,
        1,
        0,
        0,
        0,
        0,
        null,
        null
      ],
      "/Users/brittanymartin/projects/trusty-cms/spec/controllers/welcome_controller_spec.rb": [
        1,
        null,
        1,
        1,
        null,
        null
      ],
      "/Users/brittanymartin/projects/trusty-cms/app/controllers/admin/welcome_controller.rb": [
        1,
        1,
        1,
        1,
        null,
        1,
        23,
        null,
        null,
        1,
        45,
        21,
        21,
        21,
        null,
        45,
        19,
        0,
        0,
        null,
        19,
        19,
        null,
        null,
        null,
        1,
        1,
        1,
        1,
        1,
        1,
        null,
        null,
        1,
        null,
        1,
        69,
        null,
        null,
        1,
        1,
        null,
        null,
        1,
        2,
        null,
        null,
        null
      ],
      "/Users/brittanymartin/projects/trusty-cms/app/helpers/admin/welcome_helper.rb": [
        1,
        null
      ],
      "/Users/brittanymartin/projects/trusty-cms/spec/features/admin_login_spec.rb": [
        1,
        null,
        1,
        1,
        null,
        1,
        1,
        null,
        1,
        1,
        1,
        null,
        null,
        1,
        1,
        null,
        1,
        null,
        null,
        1,
        1,
        7,
        null,
        null,
        1,
        1,
        6,
        null,
        null,
        1,
        1,
        null,
        null,
        1,
        1,
        1,
        1,
        null,
        null,
        1,
        1,
        1,
        1,
        1,
        null,
        null,
        null,
        1,
        1,
        null,
        null,
        null,
        1,
        1,
        1,
        null,
        null,
        1,
        1,
        1,
        null,
        1,
        1,
        null,
        null,
        null,
        1,
        1,
        null,
        1,
        null,
        null,
        null,
        1,
        1,
        2,
        2,
        null,
        null,
        1,
        1,
        null,
        null,
        1,
        1,
        1,
        1,
        1,
        null,
        null,
        null,
        null
      ],
      "/Users/brittanymartin/projects/trusty-cms/spec/rails_helper.rb": [
        null,
        1,
        1,
        1,
        1,
        1,
        1,
        null,
        1,
        1,
        null,
        null,
        1,
        1,
        null,
        null,
        null,
        null,
        null,
        null,
        null,
        null,
        1,
        null,
        1,
        null,
        1,
        null,
        null,
        null,
        null,
        1,
        null,
        null,
        null,
        null,
        null,
        null,
        null,
        null,
        null,
        null,
        null,
        null,
        null,
        null,
        1,
        null,
        1,
        1,
        null,
        1,
        null,
        null,
        null,
        null,
        null,
        null,
        null,
        null,
        null,
        null,
        1,
        9,
        9,
        9,
        null,
        null,
        null,
        1,
        28,
        null,
        null
      ],
      "/Users/brittanymartin/projects/trusty-cms/spec/features/config_spec.rb": [
        1,
        null,
        1,
        1,
        null,
        1,
        3,
        3,
        3,
        null,
        null,
        1,
        1,
        1,
        null,
        null,
        1,
        1,
        1,
        1,
        null,
        1,
        null,
        null,
        1,
        1,
        1,
        1,
        null,
        1,
        1,
        null,
        null,
        null
      ],
      "/Users/brittanymartin/projects/trusty-cms/spec/features/javascript_smoke_spec.rb": [
        1,
        null,
        1,
        1,
        null,
        1,
        1,
        1,
        null,
        null,
        1,
        null,
        1,
        1,
        1,
        null,
        null,
        null,
        1,
        1,
        1,
        1,
        null,
        null,
        1,
        1,
        1,
        1,
        1,
        null,
        null,
        1,
        1,
        1,
        1,
        1,
        null,
        null,
        1,
        1,
        null,
        null,
        1,
        1,
        1,
        1,
        null,
        null,
        null,
        null,
        null,
        null,
        null,
        null,
        null,
        null,
        null,
        null,
        null
      ],
      "/Users/brittanymartin/projects/trusty-cms/spec/features/layouts_spec.rb": [
        1,
        null,
        1,
        1,
        null,
        1,
        4,
        4,
        4,
        null,
        null,
        1,
        1,
        1,
        null,
        null,
        1,
        1,
        1,
        1,
        1,
        1,
        null,
        null,
        null,
        1,
        1,
        2,
        2,
        null,
        null,
        1,
        1,
        1,
        1,
        1,
        1,
        1,
        null,
        null,
        1,
        1,
        1,
        1,
        1,
        1,
        null,
        null,
        null
      ],
      "/Users/brittanymartin/projects/trusty-cms/spec/features/pages_spec.rb": [
        1,
        null,
        1,
        1,
        null,
        1,
        3,
        3,
        null,
        null,
        1,
        1,
        1,
        1,
        1,
        1,
        null,
        1,
        1,
        1,
        1,
        1,
        1,
        1,
        null,
        null,
        null,
        null,
        1,
        1,
        2,
        2,
        null,
        null,
        null,
        1,
        1,
        null,
        1,
        1,
        1,
        null,
        null,
        1,
        1,
        null,
        1,
        null,
        1,
        null,
        1,
        1,
        null,
        null,
        null
      ],
      "/Users/brittanymartin/projects/trusty-cms/spec/models/layout_spec.rb": [
        1,
        null,
        1,
        null,
        1,
        null,
        1,
        1,
        1,
        1,
        1,
        null,
        null,
        1,
        1,
        1,
        1,
        2,
        null,
        null,
        1,
        1,
        1,
        1,
        2,
        1,
        null,
        null,
        null
      ],
      "/Users/brittanymartin/projects/trusty-cms/app/models/layout.rb": [
        1,
        1,
        null,
        null,
        28,
        null,
        null,
        1,
        1,
        1,
        null,
        null,
        1,
        1,
        1,
        null
      ],
      "/Users/brittanymartin/projects/trusty-cms/spec/routing/welcome_routing_spec.rb": [
        1,
        null,
        1,
        1,
        1,
        null,
        null,
        null,
        1,
        1,
        null,
        null,
        null,
        1,
        1,
        null,
        null,
        null
      ],
      "/Users/brittanymartin/projects/trusty-cms/app/models/user.rb": [
        1,
        null,
        1,
        1,
        1,
        null,
        null,
        366,
        null,
        null,
        1,
        1,
        null,
        null,
        1,
        null,
        1,
        null,
        1,
        1,
        null,
        null,
        1,
        1,
        1,
        1,
        null,
        1,
        null,
        1,
        140,
        null,
        null,
        1,
        20,
        null,
        null,
        1,
        21,
        21,
        null,
        null,
        1,
        20,
        null,
        null,
        1,
        0,
        null,
        null,
        1,
        3,
        null,
        null,
        1,
        0,
        null,
        null,
        1,
        1,
        null,
        null,
        1,
        null,
        1,
        3,
        null,
        null,
        1,
        1,
        0,
        0,
        null,
        null,
        1,
        1,
        2,
        2,
        null,
        1,
        null,
        null,
        0,
        null,
        null,
        null,
        null
      ],
      "/Users/brittanymartin/projects/trusty-cms/app/controllers/site_controller.rb": [
        1,
        1,
        1,
        null,
        1,
        1,
        null,
        1,
        0,
        null,
        1,
        0,
        null,
        null,
        1,
        24,
        24,
        0,
        null,
        24,
        null,
        24,
        0,
        null,
        null,
        null,
        null,
        null,
        0,
        0,
        0,
        0,
        null,
        1,
        null,
        null,
        23,
        null,
        null,
        1,
        0,
        null,
        1,
        null,
        1,
        0,
        null,
        1,
        null,
        1,
        0,
        null,
        1,
        null,
        1,
        1,
        0,
        0,
        0,
        0,
        0,
        0,
        0,
        null,
        null,
        null,
        0,
        null,
        null,
        1,
        0,
        null,
        null,
        1,
        0,
        0,
        0,
        null,
        0,
        0,
        0,
        null,
        0,
        null,
        null,
        1,
        24,
        1,
        null,
        null,
        1,
        0,
        0,
        null,
        null,
        1,
        24,
        null,
        null,
        1,
        24,
        null,
        null
      ],
      "/Users/brittanymartin/projects/trusty-cms/lib/trusty_cms/pagination/controller.rb": [
        1,
        1,
        1,
        null,
        null,
        1,
        null,
        null,
        24,
        24,
        null,
        null,
        24,
        168,
        null,
        null,
        null,
        1,
        null,
        null,
        null,
        0,
        null,
        null,
        1,
        1,
        1,
        1,
        null,
        null,
        null,
        null,
        null,
        null,
        null,
        null,
        null,
        null,
        null,
        null,
        null
      ],
      "/Users/brittanymartin/projects/trusty-cms/app/helpers/site_helper.rb": [
        1,
        null
      ],
      "/Users/brittanymartin/projects/trusty-cms/app/models/user_action_observer.rb": [
        1,
        1,
        null,
        1,
        151,
        null,
        1,
        151,
        null,
        null,
        1,
        10,
        null,
        1,
        10,
        null,
        null,
        1,
        8,
        null,
        null,
        1,
        2,
        null,
        null
      ],
      "/Users/brittanymartin/projects/trusty-cms/app/controllers/admin/pages_controller.rb": [
        1,
        1,
        1,
        null,
        1,
        1,
        0,
        null,
        null,
        null,
        1,
        1,
        0,
        0,
        0,
        0,
        0,
        0,
        0,
        null,
        null,
        null,
        1,
        25,
        25,
        null,
        null,
        1,
        4,
        4,
        4,
        null,
        null,
        1,
        1,
        null,
        0,
        null,
        null,
        1,
        1,
        4,
        3,
        null,
        4,
        null,
        null,
        1,
        198,
        0,
        99,
        5,
        null,
        94,
        null,
        null,
        null,
        1,
        1,
        1,
        1,
        0,
        0,
        0,
        null,
        1,
        1,
        1,
        null,
        1,
        1,
        null,
        null,
        null,
        1,
        1,
        1,
        1,
        1,
        null,
        null,
        1,
        1,
        null,
        null,
        1,
        7,
        7,
        7,
        7,
        null,
        null,
        1,
        0,
        0,
        null,
        0,
        null,
        null,
        null
      ],
      "/Users/brittanymartin/projects/trusty-cms/app/helpers/admin/pages_helper.rb": [
        1,
        1,
        1,
        null,
        1,
        0,
        null,
        null,
        1,
        0,
        null,
        null,
        1,
        10,
        null,
        null,
        1,
        0,
        null,
        null,
        1,
        5,
        25,
        null,
        null,
        1,
        0,
        null,
        null
      ],
      "/Users/brittanymartin/projects/trusty-cms/app/helpers/admin/node_helper.rb": [
        1,
        null,
        1,
        5,
        5,
        5,
        null,
        null,
        1,
        null,
        5,
        null,
        5,
        null,
        5,
        5,
        null,
        null,
        1,
        5,
        5,
        5,
        0,
        null,
        5,
        null,
        null,
        1,
        0,
        null,
        null,
        1,
        0,
        null,
        null,
        1,
        0,
        0,
        null,
        0,
        null,
        0,
        null,
        null,
        0,
        0,
        null,
        null,
        0,
        null,
        null,
        1,
        0,
        null,
        null,
        1,
        0,
        null,
        null,
        1,
        0,
        0,
        0,
        null,
        0,
        null,
        null,
        0,
        null,
        null,
        null,
        1,
        0,
        null,
        null,
        1,
        0,
        0,
        null,
        null,
        null,
        0,
        null,
        null,
        null,
        1,
        5,
        5,
        null,
        null,
        1,
        5,
        null,
        null,
        1,
        4,
        4,
        4,
        null,
        0,
        null,
        null,
        null,
        1,
        4,
        null,
        null,
        null,
        null,
        null
      ],
      "/Users/brittanymartin/projects/trusty-cms/app/helpers/admin/references_helper.rb": [
        1,
        null,
        1,
        1,
        0,
        0,
        0,
        null,
        null,
        null,
        0,
        null,
        null,
        null,
        null,
        1,
        0,
        0,
        0,
        null,
        0,
        null,
        null,
        0,
        null,
        null,
        null,
        1,
        0,
        null,
        0,
        null,
        0,
        null,
        null,
        null,
        1,
        null,
        0,
        0,
        null,
        null,
        1,
        0,
        null,
        null
      ],
      "/Users/brittanymartin/projects/trusty-cms/lib/trusty_cms/admin_ui/region_partials.rb": [
        1,
        1,
        287,
        287,
        null,
        null,
        1,
        230,
        null,
        null,
        1,
        231,
        null,
        null,
        231,
        0,
        null,
        231,
        null,
        0,
        null,
        null,
        null
      ],
      "/Users/brittanymartin/projects/trusty-cms/app/controllers/admin/layouts_controller.rb": [
        1,
        1,
        1,
        null,
        null,
        null,
        null,
        null
      ],
      "/Users/brittanymartin/projects/trusty-cms/app/helpers/admin/layouts_helper.rb": [
        1,
        null,
        null
      ],
      "/Users/brittanymartin/projects/trusty-cms/app/controllers/admin/configuration_controller.rb": [
        1,
        null,
        null,
        null,
        null,
        null,
        null,
        1,
        null,
        1,
        null,
        null,
        null,
        null,
        1,
        5,
        5,
        null,
        null,
        1,
        1,
        null,
        null,
        1,
        1,
        1,
        1,
        1,
        10,
        10,
        null,
        1,
        null,
        0,
        0,
        0,
        null,
        0,
        0,
        null,
        null,
        null,
        null,
        1,
        null,
        1,
        7,
        null,
        null,
        null
      ],
      "/Users/brittanymartin/projects/trusty-cms/app/helpers/admin/configuration_helper.rb": [
        1,
        null,
        null,
        null,
        null,
        null,
        null,
        null,
        1,
        50,
        50,
        50,
        50,
        50,
        50,
        5,
        5,
        null,
        45,
        45,
        null,
        50,
        50,
        50,
        50,
        null,
        null,
        null,
        null,
        null,
        null,
        null,
        null,
        null,
        null,
        null,
        null,
        null,
        null,
        null,
        null,
        null,
        null,
        1,
        10,
        10,
        10,
        10,
        10,
        10,
        10,
        10,
        1,
        1,
        1,
        null,
        4,
        4,
        null,
        5,
        5,
        null,
        10,
        0,
        0,
        null,
        10,
        null,
        null,
        1,
        60,
        60,
        null,
        null,
        1,
        0,
        0,
        null,
        null,
        null,
        null
      ],
      "/Users/brittanymartin/projects/trusty-cms/app/models/page_part.rb": [
        1,
        1,
        null,
        null,
        37,
        null,
        null,
        1,
        null,
        null,
        1,
        1,
        1,
        null,
        1,
        null,
        1,
        0,
        null,
        null
      ],
      "/Users/brittanymartin/projects/trusty-cms/app/models/text_filter.rb": [
        1,
        1,
        1,
        null,
        1,
        null,
        1,
        1,
        null,
        null,
        1,
        1,
        0,
        null,
        null,
        1,
        0,
        null,
        null,
        1,
        0,
        0,
        null,
        null,
        1,
        0,
        null,
        null,
        1,
        0,
        0,
        null,
        null,
        null,
        null,
        null
      ],
      "/Users/brittanymartin/projects/trusty-cms/app/models/page_field.rb": [
        1,
        1,
        1,
        null
      ],
      "/Users/brittanymartin/projects/trusty-cms/app/models/menu_renderer.rb": [
        1,
        null,
        1,
        0,
        0,
        null,
        1,
        null,
        1,
        12,
        null,
        null,
        1,
        1,
        null,
        1,
        5,
        null,
        null,
        1,
        52,
        null,
        null,
        1,
        5,
        null,
        null,
        1,
        5,
        5,
        null,
        null,
        1,
        0,
        null,
        null,
        1,
        12,
        24,
        24,
        null,
        0,
        null,
        12,
        null,
        null,
        null,
        1,
        4,
        null,
        null,
        1,
        4,
        null,
        null,
        1,
        4,
        4,
        null,
        null,
        null,
        1,
        4,
        null,
        null,
        1,
        4,
        null,
        null,
        1,
        4,
        null,
        null,
        1,
        4,
        null,
        null,
        1,
        4,
        null,
        null,
        1,
        0,
        null,
        null,
        1,
        0,
        null,
        null,
        1,
        4,
        null,
        null,
        1,
        4,
        null,
        null,
        1,
        4,
        null,
        null,
        1,
        4,
        0,
        null,
        4,
        0,
        null,
        4,
        null,
        null,
        null,
        null,
        1,
        null,
        1,
        8,
        null,
        null,
        1,
        8,
        null,
        null,
        1,
        8,
        8,
        8,
        8,
        null,
        null,
        1,
        8,
        4,
        null,
        4,
        null,
        8,
        8,
        null,
        null
      ],
      "/Users/brittanymartin/projects/trusty-cms/app/controllers/admin/page_parts_controller.rb": [
        1,
        1,
        1,
        1,
        1,
        1,
        null,
        null,
        null
      ],
      "/Users/brittanymartin/projects/trusty-cms/app/models/page_context.rb": [
        1,
        null,
        1,
        null,
        1,
        2,
        2,
        2,
        2,
        162,
        null,
        null,
        null,
        1,
        1,
        1,
        1,
        1,
        null,
        null,
        1,
        0,
        0,
        0,
        0,
        null,
        0,
        0,
        0,
        null,
        null,
        1,
        0,
        null,
        0,
        null,
        null,
        1,
        null,
        1,
        0,
        null,
        null,
        1,
        0,
        0,
        null,
        null,
        1,
        0,
        null,
        null,
        null
      ],
      "/Users/brittanymartin/projects/trusty-cms/lib/trusty_cms/available_locales.rb": [
        1,
        null,
        null,
        null,
        1,
        7,
        7,
        189,
        175,
        175,
        175,
        14,
        null,
        null,
        null,
        21,
        null,
        null,
        null
      ],
      "/Users/brittanymartin/projects/trusty-cms/app/controllers/admin/preferences_controller.rb": [
        1,
        1,
        null,
        1,
        1,
        1,
        null,
        null,
        1,
        0,
        null,
        null,
        1,
        1,
        1,
        null,
        0,
        0,
        null,
        null,
        null,
        1,
        null,
        1,
        2,
        2,
        2,
        null,
        null
      ],
      "/Users/brittanymartin/projects/trusty-cms/app/helpers/admin/preferences_helper.rb": [
        1,
        null,
        null
      ],
      "/Users/brittanymartin/projects/trusty-cms/app/controllers/admin/extensions_controller.rb": [
        1,
        1,
        null,
        null,
        null,
        null,
        1,
        0,
        0,
        null,
        null
      ],
      "/Users/brittanymartin/projects/trusty-cms/app/helpers/admin/extensions_helper.rb": [
        1,
        null
      ]
    },
    "timestamp": 1461371608
  }
}
